1614318994649	geckodriver	INFO	Listening on 127.0.0.1:52478
1614318997671	mozrunner::runner	INFO	Running command: "C:\\Program Files\\Mozilla Firefox\\firefox.exe" "--marionette" "-foreground" "-no-remote" "-profile" "C:\\Users\\murod\\AppData\\Local\\Temp\\rust_mozprofile5biv9s"
console.warn: SearchSettings: "get: No settings file exists, new profile?" (new Error("", "(unknown module)"))
1614319000774	Marionette	INFO	Listening on port 52486
1614319000808	Marionette	WARN	TLS certificate errors will be ignored for this session
1614319002687	Marionette	INFO	Stopped listening on port 52486

###!!! [Child][RunMessage] Error: Channel closing: too late to send/recv, messages will be lost

1614319103753	geckodriver	INFO	Listening on 127.0.0.1:52548
1614319106773	mozrunner::runner	INFO	Running command: "C:\\Program Files\\Mozilla Firefox\\firefox.exe" "--marionette" "-foreground" "-no-remote" "-profile" "C:\\Users\\murod\\AppData\\Local\\Temp\\rust_mozprofileX77UPY"
console.warn: SearchSettings: "get: No settings file exists, new profile?" (new Error("", "(unknown module)"))
1614319109204	Marionette	INFO	Listening on port 52556
1614319109400	Marionette	WARN	TLS certificate errors will be ignored for this session
1614319112599	Marionette	INFO	Stopped listening on port 52556
JavaScript error: resource://activity-stream/lib/ASRouter.jsm, line 988: NS_ERROR_ILLEGAL_VALUE: Component returned failure code: 0x80070057 (NS_ERROR_ILLEGAL_VALUE) [nsIObserverService.removeObserver]
console.warn: services.settings: main/whats-new-panel sync interrupted by shutdown

###!!! [Child][RunMessage] Error: Channel closing: too late to send/recv, messages will be lost

1614319981438	geckodriver	INFO	Listening on 127.0.0.1:52651
1614319984461	mozrunner::runner	INFO	Running command: "C:\\Program Files\\Mozilla Firefox\\firefox.exe" "--marionette" "-foreground" "-no-remote" "-profile" "C:\\Users\\murod\\AppData\\Local\\Temp\\rust_mozprofileoZdA7i"
console.warn: SearchSettings: "get: No settings file exists, new profile?" (new Error("", "(unknown module)"))
1614319986753	Marionette	INFO	Listening on port 52659
1614319987080	Marionette	WARN	TLS certificate errors will be ignored for this session
1614319988971	Marionette	INFO	Stopped listening on port 52659

###!!! [Child][RunMessage] Error: Channel closing: too late to send/recv, messages will be lost

1614350134147	geckodriver	INFO	Listening on 127.0.0.1:49690
1614350137177	mozrunner::runner	INFO	Running command: "C:\\Program Files\\Mozilla Firefox\\firefox.exe" "--marionette" "-foreground" "-no-remote" "-profile" "C:\\Users\\murod\\AppData\\Local\\Temp\\rust_mozprofile75EcRo"
console.warn: SearchSettings: "get: No settings file exists, new profile?" (new Error("", "(unknown module)"))
1614350139525	Marionette	INFO	Listening on port 49698
1614350139811	Marionette	WARN	TLS certificate errors will be ignored for this session
1614350141773	Marionette	INFO	Stopped listening on port 49698

###!!! [Child][RunMessage] Error: Channel closing: too late to send/recv, messages will be lost

1614350422026	geckodriver	INFO	Listening on 127.0.0.1:49755
1614350425053	mozrunner::runner	INFO	Running command: "C:\\Program Files\\Mozilla Firefox\\firefox.exe" "--marionette" "-foreground" "-no-remote" "-profile" "C:\\Users\\murod\\AppData\\Local\\Temp\\rust_mozprofileWMlNXC"
console.warn: SearchSettings: "get: No settings file exists, new profile?" (new Error("", "(unknown module)"))
1614350427633	Marionette	INFO	Listening on port 49763
1614350427673	Marionette	WARN	TLS certificate errors will be ignored for this session
1614350429690	Marionette	INFO	Stopped listening on port 49763

###!!! [Child][RunMessage] Error: Channel closing: too late to send/recv, messages will be lost

1615035949721	geckodriver	INFO	Listening on 127.0.0.1:51649
1615035952741	mozrunner::runner	INFO	Running command: "C:\\Program Files\\Mozilla Firefox\\firefox.exe" "--marionette" "-foreground" "-no-remote" "-profile" "C:\\Users\\murod\\AppData\\Local\\Temp\\rust_mozprofilerPLQdS"
console.warn: SearchSettings: "get: No settings file exists, new profile?" (new Error("", "(unknown module)"))
1615035956136	Marionette	INFO	Listening on port 51657
1615035956371	Marionette	WARN	TLS certificate errors will be ignored for this session
1615035961572	Marionette	INFO	Stopped listening on port 51657

###!!! [Child][RunMessage] Error: Channel closing: too late to send/recv, messages will be lost

1615036125028	geckodriver	INFO	Listening on 127.0.0.1:51719
1615036128048	mozrunner::runner	INFO	Running command: "C:\\Program Files\\Mozilla Firefox\\firefox.exe" "--marionette" "-foreground" "-no-remote" "-profile" "C:\\Users\\murod\\AppData\\Local\\Temp\\rust_mozprofileKqwqQF"
console.warn: SearchSettings: "get: No settings file exists, new profile?" (new Error("", "(unknown module)"))
1615036130493	Marionette	INFO	Listening on port 51727
1615036130677	Marionette	WARN	TLS certificate errors will be ignored for this session
1615036136372	Marionette	INFO	Stopped listening on port 51727

###!!! [Child][RunMessage] Error: Channel closing: too late to send/recv, messages will be lost

